java.net.SocketException: Une connexion établie a été abandonnée par un logiciel de votre ordinateur hôte
	at java.base/sun.nio.ch.NioSocketImpl.implWrite(NioSocketImpl.java:425)
	at java.base/sun.nio.ch.NioSocketImpl.write(NioSocketImpl.java:445)
	at java.base/sun.nio.ch.NioSocketImpl$2.write(NioSocketImpl.java:831)
	at java.base/java.net.Socket$SocketOutputStream.write(Socket.java:1035)
	at java.base/java.io.DataOutputStream.writeChar(DataOutputStream.java:190)
	at org.jacoco.agent.rt.internal_4742761.core.data.ExecutionDataWriter.writeHeader(ExecutionDataWriter.java:75)
	at org.jacoco.agent.rt.internal_4742761.core.data.ExecutionDataWriter.<init>(ExecutionDataWriter.java:64)
	at org.jacoco.agent.rt.internal_4742761.core.runtime.RemoteControlWriter.<init>(RemoteControlWriter.java:41)
	at org.jacoco.agent.rt.internal_4742761.output.TcpConnection.init(TcpConnection.java:46)
	at org.jacoco.agent.rt.internal_4742761.output.TcpServerOutput$1.run(TcpServerOutput.java:63)
	at java.base/java.lang.Thread.run(Thread.java:842)
java.net.SocketException: Une connexion établie a été abandonnée par un logiciel de votre ordinateur hôte
	at java.base/sun.nio.ch.NioSocketImpl.implWrite(NioSocketImpl.java:425)
	at java.base/sun.nio.ch.NioSocketImpl.write(NioSocketImpl.java:445)
	at java.base/sun.nio.ch.NioSocketImpl$2.write(NioSocketImpl.java:831)
	at java.base/java.net.Socket$SocketOutputStream.write(Socket.java:1035)
	at java.base/java.io.DataOutputStream.writeChar(DataOutputStream.java:190)
	at org.jacoco.agent.rt.internal_4742761.core.data.ExecutionDataWriter.writeHeader(ExecutionDataWriter.java:75)
	at org.jacoco.agent.rt.internal_4742761.core.data.ExecutionDataWriter.<init>(ExecutionDataWriter.java:64)
	at org.jacoco.agent.rt.internal_4742761.core.runtime.RemoteControlWriter.<init>(RemoteControlWriter.java:41)
	at org.jacoco.agent.rt.internal_4742761.output.TcpConnection.init(TcpConnection.java:46)
	at org.jacoco.agent.rt.internal_4742761.output.TcpServerOutput$1.run(TcpServerOutput.java:63)
	at java.base/java.lang.Thread.run(Thread.java:842)
java.net.SocketException: Connection reset
	at java.base/sun.nio.ch.NioSocketImpl.implRead(NioSocketImpl.java:328)
	at java.base/sun.nio.ch.NioSocketImpl.read(NioSocketImpl.java:355)
	at java.base/sun.nio.ch.NioSocketImpl$1.read(NioSocketImpl.java:808)
	at java.base/java.net.Socket$SocketInputStream.read(Socket.java:966)
	at java.base/java.net.Socket$SocketInputStream.read(Socket.java:961)
	at java.base/java.io.FilterInputStream.read(FilterInputStream.java:82)
	at org.jacoco.agent.rt.internal_4742761.core.data.ExecutionDataReader.read(ExecutionDataReader.java:84)
	at org.jacoco.agent.rt.internal_4742761.output.TcpConnection.run(TcpConnection.java:60)
	at org.jacoco.agent.rt.internal_4742761.output.TcpServerOutput$1.run(TcpServerOutput.java:64)
	at java.base/java.lang.Thread.run(Thread.java:842)
