
  .   ____          _            __ _ _
 /\\ / ___'_ __ _ _(_)_ __  __ _ \ \ \ \
( ( )\___ | '_ | '_| | '_ \/ _` | \ \ \ \
 \\/  ___)| |_)| | | | | || (_| |  ) ) ) )
  '  |____| .__|_| |_|_| |_\__, | / / / /
 =========|_|==============|___/=/_/_/_/
 :: Spring Boot ::                (v3.2.3)

2026-03-26T01:40:28.918+01:00  INFO 12496 --- [conge_db] [           main] tn.enis.conge.CongeeApplication          : Starting CongeeApplication v0.0.1-SNAPSHOT using Java 17.0.12 with PID 12496 (C:\Bureau\Bureau\microservices\conge\target\congee-0.0.1-SNAPSHOT.jar started by MSI in C:\Bureau\Bureau\project_test)
2026-03-26T01:40:28.922+01:00  INFO 12496 --- [conge_db] [           main] tn.enis.conge.CongeeApplication          : No active profile set, falling back to 1 default profile: "default"
2026-03-26T01:40:29.946+01:00  INFO 12496 --- [conge_db] [           main] .s.d.r.c.RepositoryConfigurationDelegate : Bootstrapping Spring Data JPA repositories in DEFAULT mode.
2026-03-26T01:40:30.035+01:00  INFO 12496 --- [conge_db] [           main] .s.d.r.c.RepositoryConfigurationDelegate : Finished Spring Data repository scanning in 79 ms. Found 2 JPA repository interfaces.
2026-03-26T01:40:30.952+01:00  INFO 12496 --- [conge_db] [           main] o.s.b.w.embedded.tomcat.TomcatWebServer  : Tomcat initialized with port 9000 (http)
2026-03-26T01:40:30.964+01:00  INFO 12496 --- [conge_db] [           main] o.apache.catalina.core.StandardService   : Starting service [Tomcat]
2026-03-26T01:40:30.965+01:00  INFO 12496 --- [conge_db] [           main] o.apache.catalina.core.StandardEngine    : Starting Servlet engine: [Apache Tomcat/10.1.19]
2026-03-26T01:40:31.021+01:00  INFO 12496 --- [conge_db] [           main] o.a.c.c.C.[Tomcat].[localhost].[/]       : Initializing Spring embedded WebApplicationContext
2026-03-26T01:40:31.022+01:00  INFO 12496 --- [conge_db] [           main] w.s.c.ServletWebServerApplicationContext : Root WebApplicationContext: initialization completed in 2029 ms
2026-03-26T01:40:31.231+01:00  INFO 12496 --- [conge_db] [           main] o.hibernate.jpa.internal.util.LogHelper  : HHH000204: Processing PersistenceUnitInfo [name: default]
2026-03-26T01:40:31.363+01:00  INFO 12496 --- [conge_db] [           main] org.hibernate.Version                    : HHH000412: Hibernate ORM core version 6.4.4.Final
2026-03-26T01:40:31.418+01:00  INFO 12496 --- [conge_db] [           main] o.h.c.internal.RegionFactoryInitiator    : HHH000026: Second-level cache disabled
2026-03-26T01:40:31.848+01:00  INFO 12496 --- [conge_db] [           main] o.s.o.j.p.SpringPersistenceUnitInfo      : No LoadTimeWeaver setup: ignoring JPA class transformer
2026-03-26T01:40:31.882+01:00  INFO 12496 --- [conge_db] [           main] com.zaxxer.hikari.HikariDataSource       : HikariPool-1 - Starting...
2026-03-26T01:40:32.134+01:00  INFO 12496 --- [conge_db] [           main] com.zaxxer.hikari.pool.HikariPool        : HikariPool-1 - Added connection com.mysql.cj.jdbc.ConnectionImpl@2a5c6b76
2026-03-26T01:40:32.137+01:00  INFO 12496 --- [conge_db] [           main] com.zaxxer.hikari.HikariDataSource       : HikariPool-1 - Start completed.
2026-03-26T01:40:32.208+01:00  WARN 12496 --- [conge_db] [           main] org.hibernate.orm.deprecation            : HHH90000025: MySQLDialect does not need to be specified explicitly using 'hibernate.dialect' (remove the property setting and it will be selected by default)
2026-03-26T01:40:33.177+01:00  INFO 12496 --- [conge_db] [           main] o.h.e.t.j.p.i.JtaPlatformInitiator       : HHH000489: No JTA platform available (set 'hibernate.transaction.jta.platform' to enable JTA platform integration)
2026-03-26T01:40:33.238+01:00  INFO 12496 --- [conge_db] [           main] j.LocalContainerEntityManagerFactoryBean : Initialized JPA EntityManagerFactory for persistence unit 'default'
Hibernate: select u1_0.id,u1_0.cin,u1_0.department_id,u1_0.email,u1_0.first_name,u1_0.is_temporary_password,u1_0.last_name,u1_0.num_tel,u1_0.password,u1_0.user_role from users u1_0 where u1_0.email=? limit ?
2026-03-26T01:40:34.426+01:00  WARN 12496 --- [conge_db] [           main] JpaBaseConfiguration$JpaWebConfiguration : spring.jpa.open-in-view is enabled by default. Therefore, database queries may be performed during view rendering. Explicitly configure spring.jpa.open-in-view to disable this warning
2026-03-26T01:40:34.832+01:00  INFO 12496 --- [conge_db] [           main] o.s.s.web.DefaultSecurityFilterChain     : Will secure any request with [org.springframework.security.web.session.DisableEncodeUrlFilter@cf82c58, org.springframework.security.web.context.request.async.WebAsyncManagerIntegrationFilter@1407b93f, org.springframework.security.web.context.SecurityContextHolderFilter@64a9fca7, org.springframework.security.web.header.HeaderWriterFilter@52288c65, org.springframework.web.filter.CorsFilter@5aff8207, org.springframework.security.web.authentication.logout.LogoutFilter@35b70f9d, tn.enis.conge.configuration.JwtAuthenthificationFilter@4d10f182, org.springframework.security.web.savedrequest.RequestCacheAwareFilter@485a5c9, org.springframework.security.web.servletapi.SecurityContextHolderAwareRequestFilter@1d397e87, org.springframework.security.web.authentication.AnonymousAuthenticationFilter@6a5a99d9, org.springframework.security.web.session.SessionManagementFilter@31aee6d9, org.springframework.security.web.access.ExceptionTranslationFilter@361d169a, org.springframework.security.web.access.intercept.AuthorizationFilter@453bbb9b]
2026-03-26T01:40:35.242+01:00  INFO 12496 --- [conge_db] [           main] o.s.b.w.embedded.tomcat.TomcatWebServer  : Tomcat started on port 9000 (http) with context path ''
2026-03-26T01:40:35.264+01:00  INFO 12496 --- [conge_db] [           main] tn.enis.conge.CongeeApplication          : Started CongeeApplication in 7.061 seconds (process running for 7.721)
2026-03-26T01:41:23.806+01:00  INFO 12496 --- [conge_db] [nio-9000-exec-2] o.a.c.c.C.[Tomcat].[localhost].[/]       : Initializing Spring DispatcherServlet 'dispatcherServlet'
2026-03-26T01:41:23.807+01:00  INFO 12496 --- [conge_db] [nio-9000-exec-2] o.s.web.servlet.DispatcherServlet        : Initializing Servlet 'dispatcherServlet'
2026-03-26T01:41:23.808+01:00  INFO 12496 --- [conge_db] [nio-9000-exec-2] o.s.web.servlet.DispatcherServlet        : Completed initialization in 1 ms
Hibernate: select u1_0.id,u1_0.cin,u1_0.department_id,u1_0.email,u1_0.first_name,u1_0.is_temporary_password,u1_0.last_name,u1_0.num_tel,u1_0.password,u1_0.user_role from users u1_0 where u1_0.email=? limit ?
Hibernate: select u1_0.id,u1_0.cin,u1_0.department_id,u1_0.email,u1_0.first_name,u1_0.is_temporary_password,u1_0.last_name,u1_0.num_tel,u1_0.password,u1_0.user_role from users u1_0 where u1_0.email=? limit ?
Hibernate: select u1_0.id,u1_0.cin,u1_0.department_id,u1_0.email,u1_0.first_name,u1_0.is_temporary_password,u1_0.last_name,u1_0.num_tel,u1_0.password,u1_0.user_role from users u1_0 where u1_0.email=? limit ?
Hibernate: select u1_0.id,u1_0.cin,u1_0.department_id,u1_0.email,u1_0.first_name,u1_0.is_temporary_password,u1_0.last_name,u1_0.num_tel,u1_0.password,u1_0.user_role from users u1_0 where u1_0.email=? limit ?
Hibernate: select u1_0.id,u1_0.cin,u1_0.department_id,u1_0.email,u1_0.first_name,u1_0.is_temporary_password,u1_0.last_name,u1_0.num_tel,u1_0.password,u1_0.user_role from users u1_0 where u1_0.email=? limit ?
Hibernate: select u1_0.id,u1_0.cin,u1_0.department_id,u1_0.email,u1_0.first_name,u1_0.is_temporary_password,u1_0.last_name,u1_0.num_tel,u1_0.password,u1_0.user_role from users u1_0 where u1_0.email=? limit ?
Hibernate: select u1_0.id,u1_0.cin,u1_0.department_id,u1_0.email,u1_0.first_name,u1_0.is_temporary_password,u1_0.last_name,u1_0.num_tel,u1_0.password,u1_0.user_role from users u1_0 where u1_0.email=? limit ?
Hibernate: select u1_0.id,u1_0.cin,u1_0.department_id,u1_0.email,u1_0.first_name,u1_0.is_temporary_password,u1_0.last_name,u1_0.num_tel,u1_0.password,u1_0.user_role from users u1_0 where u1_0.email=? limit ?
Hibernate: select u1_0.id,u1_0.cin,u1_0.department_id,u1_0.email,u1_0.first_name,u1_0.is_temporary_password,u1_0.last_name,u1_0.num_tel,u1_0.password,u1_0.user_role from users u1_0 where u1_0.email=? limit ?
Hibernate: select u1_0.id,u1_0.cin,u1_0.department_id,u1_0.email,u1_0.first_name,u1_0.is_temporary_password,u1_0.last_name,u1_0.num_tel,u1_0.password,u1_0.user_role from users u1_0 where u1_0.email=? limit ?
Hibernate: select u1_0.id,u1_0.cin,u1_0.department_id,u1_0.email,u1_0.first_name,u1_0.is_temporary_password,u1_0.last_name,u1_0.num_tel,u1_0.password,u1_0.user_role from users u1_0 where u1_0.email=? limit ?
Hibernate: select u1_0.id,u1_0.cin,u1_0.department_id,u1_0.email,u1_0.first_name,u1_0.is_temporary_password,u1_0.last_name,u1_0.num_tel,u1_0.password,u1_0.user_role from users u1_0 where u1_0.email=? limit ?
Hibernate: select u1_0.id,u1_0.cin,u1_0.department_id,u1_0.email,u1_0.first_name,u1_0.is_temporary_password,u1_0.last_name,u1_0.num_tel,u1_0.password,u1_0.user_role from users u1_0 where u1_0.email=? limit ?
Hibernate: select u1_0.id,u1_0.cin,u1_0.department_id,u1_0.email,u1_0.first_name,u1_0.is_temporary_password,u1_0.last_name,u1_0.num_tel,u1_0.password,u1_0.user_role from users u1_0 where u1_0.email=? limit ?
Hibernate: select u1_0.id,u1_0.cin,u1_0.department_id,u1_0.email,u1_0.first_name,u1_0.is_temporary_password,u1_0.last_name,u1_0.num_tel,u1_0.password,u1_0.user_role from users u1_0 where u1_0.email=? limit ?
Hibernate: select u1_0.id,u1_0.cin,d1_0.id,(SELECT COUNT(*) FROM users u WHERE u.department_id = d1_0.id),d1_0.name_department,u1_0.email,u1_0.first_name,u1_0.is_temporary_password,u1_0.last_name,u1_0.num_tel,u1_0.password,u1_0.user_role from users u1_0 left join department d1_0 on d1_0.id=u1_0.department_id where u1_0.id=?
Hibernate: select u1_0.id,u1_0.cin,u1_0.department_id,u1_0.email,u1_0.first_name,u1_0.is_temporary_password,u1_0.last_name,u1_0.num_tel,u1_0.password,u1_0.user_role from users u1_0 where u1_0.email=? limit ?
Hibernate: select u1_0.id,u1_0.cin,u1_0.department_id,u1_0.email,u1_0.first_name,u1_0.is_temporary_password,u1_0.last_name,u1_0.num_tel,u1_0.password,u1_0.user_role from users u1_0 where u1_0.email=? limit ?
Hibernate: select u1_0.id,u1_0.cin,u1_0.department_id,u1_0.email,u1_0.first_name,u1_0.is_temporary_password,u1_0.last_name,u1_0.num_tel,u1_0.password,u1_0.user_role from users u1_0 where u1_0.email=? limit ?
Hibernate: select u1_0.id,u1_0.cin,d1_0.id,(SELECT COUNT(*) FROM users u WHERE u.department_id = d1_0.id),d1_0.name_department,u1_0.email,u1_0.first_name,u1_0.is_temporary_password,u1_0.last_name,u1_0.num_tel,u1_0.password,u1_0.user_role from users u1_0 left join department d1_0 on d1_0.id=u1_0.department_id where u1_0.id=?
Hibernate: select u1_0.id,u1_0.cin,u1_0.department_id,u1_0.email,u1_0.first_name,u1_0.is_temporary_password,u1_0.last_name,u1_0.num_tel,u1_0.password,u1_0.user_role from users u1_0 where u1_0.email=? limit ?
Hibernate: select u1_0.id,u1_0.cin,u1_0.department_id,u1_0.email,u1_0.first_name,u1_0.is_temporary_password,u1_0.last_name,u1_0.num_tel,u1_0.password,u1_0.user_role from users u1_0 where u1_0.email=? limit ?
Hibernate: select u1_0.id,u1_0.cin,u1_0.department_id,u1_0.email,u1_0.first_name,u1_0.is_temporary_password,u1_0.last_name,u1_0.num_tel,u1_0.password,u1_0.user_role from users u1_0 where u1_0.email=? limit ?
Hibernate: select u1_0.id,u1_0.cin,u1_0.department_id,u1_0.email,u1_0.first_name,u1_0.is_temporary_password,u1_0.last_name,u1_0.num_tel,u1_0.password,u1_0.user_role from users u1_0 where u1_0.email=? limit ?
Hibernate: select u1_0.id,u1_0.cin,u1_0.department_id,u1_0.email,u1_0.first_name,u1_0.is_temporary_password,u1_0.last_name,u1_0.num_tel,u1_0.password,u1_0.user_role from users u1_0 where u1_0.email=? limit ?
Hibernate: select u1_0.id,u1_0.cin,u1_0.department_id,u1_0.email,u1_0.first_name,u1_0.is_temporary_password,u1_0.last_name,u1_0.num_tel,u1_0.password,u1_0.user_role from users u1_0 where u1_0.email=? limit ?
Hibernate: select u1_0.id,u1_0.cin,u1_0.department_id,u1_0.email,u1_0.first_name,u1_0.is_temporary_password,u1_0.last_name,u1_0.num_tel,u1_0.password,u1_0.user_role from users u1_0 where u1_0.email=? limit ?
Hibernate: select u1_0.id,u1_0.cin,u1_0.department_id,u1_0.email,u1_0.first_name,u1_0.is_temporary_password,u1_0.last_name,u1_0.num_tel,u1_0.password,u1_0.user_role from users u1_0 where u1_0.email=? limit ?
Hibernate: select u1_0.id,u1_0.cin,u1_0.department_id,u1_0.email,u1_0.first_name,u1_0.is_temporary_password,u1_0.last_name,u1_0.num_tel,u1_0.password,u1_0.user_role from users u1_0 where u1_0.email=? limit ?
Hibernate: select u1_0.id,u1_0.cin,d1_0.id,(SELECT COUNT(*) FROM users u WHERE u.department_id = d1_0.id),d1_0.name_department,u1_0.email,u1_0.first_name,u1_0.is_temporary_password,u1_0.last_name,u1_0.num_tel,u1_0.password,u1_0.user_role from users u1_0 left join department d1_0 on d1_0.id=u1_0.department_id where u1_0.id=?
Hibernate: select u1_0.id,u1_0.cin,u1_0.department_id,u1_0.email,u1_0.first_name,u1_0.is_temporary_password,u1_0.last_name,u1_0.num_tel,u1_0.password,u1_0.user_role from users u1_0 where u1_0.email=? limit ?
Hibernate: select u1_0.id,u1_0.cin,u1_0.department_id,u1_0.email,u1_0.first_name,u1_0.is_temporary_password,u1_0.last_name,u1_0.num_tel,u1_0.password,u1_0.user_role from users u1_0 where u1_0.email=? limit ?
Hibernate: select u1_0.id,u1_0.cin,u1_0.department_id,u1_0.email,u1_0.first_name,u1_0.is_temporary_password,u1_0.last_name,u1_0.num_tel,u1_0.password,u1_0.user_role from users u1_0 where u1_0.email=? limit ?
Hibernate: select u1_0.id,u1_0.cin,d1_0.id,(SELECT COUNT(*) FROM users u WHERE u.department_id = d1_0.id),d1_0.name_department,u1_0.email,u1_0.first_name,u1_0.is_temporary_password,u1_0.last_name,u1_0.num_tel,u1_0.password,u1_0.user_role from users u1_0 left join department d1_0 on d1_0.id=u1_0.department_id where u1_0.id=?
Hibernate: select u1_0.id,u1_0.cin,u1_0.department_id,u1_0.email,u1_0.first_name,u1_0.is_temporary_password,u1_0.last_name,u1_0.num_tel,u1_0.password,u1_0.user_role from users u1_0 where u1_0.email=? limit ?
Hibernate: select u1_0.id,u1_0.cin,u1_0.department_id,u1_0.email,u1_0.first_name,u1_0.is_temporary_password,u1_0.last_name,u1_0.num_tel,u1_0.password,u1_0.user_role from users u1_0 where u1_0.email=? limit ?
Hibernate: select u1_0.id,u1_0.cin,u1_0.department_id,u1_0.email,u1_0.first_name,u1_0.is_temporary_password,u1_0.last_name,u1_0.num_tel,u1_0.password,u1_0.user_role from users u1_0 where u1_0.email=? limit ?
Hibernate: select u1_0.id,u1_0.cin,d1_0.id,(SELECT COUNT(*) FROM users u WHERE u.department_id = d1_0.id),d1_0.name_department,u1_0.email,u1_0.first_name,u1_0.is_temporary_password,u1_0.last_name,u1_0.num_tel,u1_0.password,u1_0.user_role from users u1_0 left join department d1_0 on d1_0.id=u1_0.department_id where u1_0.id=?
Hibernate: select u1_0.id,u1_0.cin,u1_0.department_id,u1_0.email,u1_0.first_name,u1_0.is_temporary_password,u1_0.last_name,u1_0.num_tel,u1_0.password,u1_0.user_role from users u1_0 where u1_0.email=? limit ?
Hibernate: select u1_0.id,u1_0.cin,u1_0.department_id,u1_0.email,u1_0.first_name,u1_0.is_temporary_password,u1_0.last_name,u1_0.num_tel,u1_0.password,u1_0.user_role from users u1_0 where u1_0.email=? limit ?
Hibernate: select u1_0.id,u1_0.cin,u1_0.department_id,u1_0.email,u1_0.first_name,u1_0.is_temporary_password,u1_0.last_name,u1_0.num_tel,u1_0.password,u1_0.user_role from users u1_0 where u1_0.email=? limit ?
Hibernate: select u1_0.id,u1_0.cin,d1_0.id,(SELECT COUNT(*) FROM users u WHERE u.department_id = d1_0.id),d1_0.name_department,u1_0.email,u1_0.first_name,u1_0.is_temporary_password,u1_0.last_name,u1_0.num_tel,u1_0.password,u1_0.user_role from users u1_0 left join department d1_0 on d1_0.id=u1_0.department_id where u1_0.id=?
Hibernate: select u1_0.id,u1_0.cin,u1_0.department_id,u1_0.email,u1_0.first_name,u1_0.is_temporary_password,u1_0.last_name,u1_0.num_tel,u1_0.password,u1_0.user_role from users u1_0 where u1_0.email=? limit ?
Hibernate: select u1_0.id,u1_0.cin,u1_0.department_id,u1_0.email,u1_0.first_name,u1_0.is_temporary_password,u1_0.last_name,u1_0.num_tel,u1_0.password,u1_0.user_role from users u1_0 where u1_0.email=? limit ?
Hibernate: select u1_0.id,u1_0.cin,u1_0.department_id,u1_0.email,u1_0.first_name,u1_0.is_temporary_password,u1_0.last_name,u1_0.num_tel,u1_0.password,u1_0.user_role from users u1_0 where u1_0.email=? limit ?
Hibernate: select u1_0.id,u1_0.cin,d1_0.id,(SELECT COUNT(*) FROM users u WHERE u.department_id = d1_0.id),d1_0.name_department,u1_0.email,u1_0.first_name,u1_0.is_temporary_password,u1_0.last_name,u1_0.num_tel,u1_0.password,u1_0.user_role from users u1_0 left join department d1_0 on d1_0.id=u1_0.department_id where u1_0.id=?
Hibernate: select u1_0.id,u1_0.cin,u1_0.department_id,u1_0.email,u1_0.first_name,u1_0.is_temporary_password,u1_0.last_name,u1_0.num_tel,u1_0.password,u1_0.user_role from users u1_0 where u1_0.email=? limit ?
Hibernate: select u1_0.id,u1_0.cin,u1_0.department_id,u1_0.email,u1_0.first_name,u1_0.is_temporary_password,u1_0.last_name,u1_0.num_tel,u1_0.password,u1_0.user_role from users u1_0 where u1_0.email=? limit ?
Hibernate: select u1_0.id,u1_0.cin,u1_0.department_id,u1_0.email,u1_0.first_name,u1_0.is_temporary_password,u1_0.last_name,u1_0.num_tel,u1_0.password,u1_0.user_role from users u1_0 where u1_0.email=? limit ?
Hibernate: select u1_0.id,u1_0.cin,d1_0.id,(SELECT COUNT(*) FROM users u WHERE u.department_id = d1_0.id),d1_0.name_department,u1_0.email,u1_0.first_name,u1_0.is_temporary_password,u1_0.last_name,u1_0.num_tel,u1_0.password,u1_0.user_role from users u1_0 left join department d1_0 on d1_0.id=u1_0.department_id where u1_0.id=?
Hibernate: select u1_0.id,u1_0.cin,u1_0.department_id,u1_0.email,u1_0.first_name,u1_0.is_temporary_password,u1_0.last_name,u1_0.num_tel,u1_0.password,u1_0.user_role from users u1_0 where u1_0.email=? limit ?
Hibernate: select u1_0.id,u1_0.cin,u1_0.department_id,u1_0.email,u1_0.first_name,u1_0.is_temporary_password,u1_0.last_name,u1_0.num_tel,u1_0.password,u1_0.user_role from users u1_0 where u1_0.email=? limit ?
Hibernate: select u1_0.id,u1_0.cin,u1_0.department_id,u1_0.email,u1_0.first_name,u1_0.is_temporary_password,u1_0.last_name,u1_0.num_tel,u1_0.password,u1_0.user_role from users u1_0 where u1_0.email=? limit ?
Hibernate: select u1_0.id,u1_0.cin,u1_0.department_id,u1_0.email,u1_0.first_name,u1_0.is_temporary_password,u1_0.last_name,u1_0.num_tel,u1_0.password,u1_0.user_role from users u1_0 where u1_0.email=? limit ?
Hibernate: select u1_0.id,u1_0.cin,u1_0.department_id,u1_0.email,u1_0.first_name,u1_0.is_temporary_password,u1_0.last_name,u1_0.num_tel,u1_0.password,u1_0.user_role from users u1_0 where u1_0.email=? limit ?
Hibernate: select u1_0.id,u1_0.cin,u1_0.department_id,u1_0.email,u1_0.first_name,u1_0.is_temporary_password,u1_0.last_name,u1_0.num_tel,u1_0.password,u1_0.user_role from users u1_0 where u1_0.email=? limit ?
Hibernate: select u1_0.id,u1_0.cin,d1_0.id,(SELECT COUNT(*) FROM users u WHERE u.department_id = d1_0.id),d1_0.name_department,u1_0.email,u1_0.first_name,u1_0.is_temporary_password,u1_0.last_name,u1_0.num_tel,u1_0.password,u1_0.user_role from users u1_0 left join department d1_0 on d1_0.id=u1_0.department_id where u1_0.id=?
Hibernate: select u1_0.id,u1_0.cin,u1_0.department_id,u1_0.email,u1_0.first_name,u1_0.is_temporary_password,u1_0.last_name,u1_0.num_tel,u1_0.password,u1_0.user_role from users u1_0 where u1_0.email=? limit ?
Hibernate: select u1_0.id,u1_0.cin,u1_0.department_id,u1_0.email,u1_0.first_name,u1_0.is_temporary_password,u1_0.last_name,u1_0.num_tel,u1_0.password,u1_0.user_role from users u1_0 where u1_0.email=? limit ?
Hibernate: select u1_0.id,u1_0.cin,u1_0.department_id,u1_0.email,u1_0.first_name,u1_0.is_temporary_password,u1_0.last_name,u1_0.num_tel,u1_0.password,u1_0.user_role from users u1_0 where u1_0.email=? limit ?
Hibernate: select u1_0.id,u1_0.cin,u1_0.department_id,u1_0.email,u1_0.first_name,u1_0.is_temporary_password,u1_0.last_name,u1_0.num_tel,u1_0.password,u1_0.user_role from users u1_0 where u1_0.email=? limit ?
Hibernate: select u1_0.id,u1_0.cin,u1_0.department_id,u1_0.email,u1_0.first_name,u1_0.is_temporary_password,u1_0.last_name,u1_0.num_tel,u1_0.password,u1_0.user_role from users u1_0 where u1_0.email=? limit ?
Hibernate: select u1_0.id,u1_0.cin,u1_0.department_id,u1_0.email,u1_0.first_name,u1_0.is_temporary_password,u1_0.last_name,u1_0.num_tel,u1_0.password,u1_0.user_role from users u1_0 where u1_0.email=? limit ?
Hibernate: select u1_0.id,u1_0.cin,u1_0.department_id,u1_0.email,u1_0.first_name,u1_0.is_temporary_password,u1_0.last_name,u1_0.num_tel,u1_0.password,u1_0.user_role from users u1_0 where u1_0.email=? limit ?
Hibernate: select u1_0.id,u1_0.cin,u1_0.department_id,u1_0.email,u1_0.first_name,u1_0.is_temporary_password,u1_0.last_name,u1_0.num_tel,u1_0.password,u1_0.user_role from users u1_0 where u1_0.email=? limit ?
Hibernate: select u1_0.id,u1_0.cin,u1_0.department_id,u1_0.email,u1_0.first_name,u1_0.is_temporary_password,u1_0.last_name,u1_0.num_tel,u1_0.password,u1_0.user_role from users u1_0 where u1_0.email=? limit ?
Hibernate: select u1_0.id,u1_0.cin,d1_0.id,(SELECT COUNT(*) FROM users u WHERE u.department_id = d1_0.id),d1_0.name_department,u1_0.email,u1_0.first_name,u1_0.is_temporary_password,u1_0.last_name,u1_0.num_tel,u1_0.password,u1_0.user_role from users u1_0 left join department d1_0 on d1_0.id=u1_0.department_id where u1_0.id=?
Hibernate: select u1_0.id,u1_0.cin,u1_0.department_id,u1_0.email,u1_0.first_name,u1_0.is_temporary_password,u1_0.last_name,u1_0.num_tel,u1_0.password,u1_0.user_role from users u1_0 where u1_0.email=? limit ?
Hibernate: select u1_0.id,u1_0.cin,u1_0.department_id,u1_0.email,u1_0.first_name,u1_0.is_temporary_password,u1_0.last_name,u1_0.num_tel,u1_0.password,u1_0.user_role from users u1_0 where u1_0.email=? limit ?
Hibernate: select u1_0.id,u1_0.cin,u1_0.department_id,u1_0.email,u1_0.first_name,u1_0.is_temporary_password,u1_0.last_name,u1_0.num_tel,u1_0.password,u1_0.user_role from users u1_0 where u1_0.email=? limit ?
Hibernate: select u1_0.id,u1_0.cin,d1_0.id,(SELECT COUNT(*) FROM users u WHERE u.department_id = d1_0.id),d1_0.name_department,u1_0.email,u1_0.first_name,u1_0.is_temporary_password,u1_0.last_name,u1_0.num_tel,u1_0.password,u1_0.user_role from users u1_0 left join department d1_0 on d1_0.id=u1_0.department_id where u1_0.id=?
Hibernate: select u1_0.id,u1_0.cin,u1_0.department_id,u1_0.email,u1_0.first_name,u1_0.is_temporary_password,u1_0.last_name,u1_0.num_tel,u1_0.password,u1_0.user_role from users u1_0 where u1_0.email=? limit ?
Hibernate: select u1_0.id,u1_0.cin,u1_0.department_id,u1_0.email,u1_0.first_name,u1_0.is_temporary_password,u1_0.last_name,u1_0.num_tel,u1_0.password,u1_0.user_role from users u1_0 where u1_0.email=? limit ?
Hibernate: select u1_0.id,u1_0.cin,u1_0.department_id,u1_0.email,u1_0.first_name,u1_0.is_temporary_password,u1_0.last_name,u1_0.num_tel,u1_0.password,u1_0.user_role from users u1_0 where u1_0.email=? limit ?
Hibernate: select u1_0.id,u1_0.cin,d1_0.id,(SELECT COUNT(*) FROM users u WHERE u.department_id = d1_0.id),d1_0.name_department,u1_0.email,u1_0.first_name,u1_0.is_temporary_password,u1_0.last_name,u1_0.num_tel,u1_0.password,u1_0.user_role from users u1_0 left join department d1_0 on d1_0.id=u1_0.department_id where u1_0.id=?
Hibernate: select u1_0.id,u1_0.cin,u1_0.department_id,u1_0.email,u1_0.first_name,u1_0.is_temporary_password,u1_0.last_name,u1_0.num_tel,u1_0.password,u1_0.user_role from users u1_0 where u1_0.email=? limit ?
Hibernate: select u1_0.id,u1_0.cin,u1_0.department_id,u1_0.email,u1_0.first_name,u1_0.is_temporary_password,u1_0.last_name,u1_0.num_tel,u1_0.password,u1_0.user_role from users u1_0 where u1_0.email=? limit ?
Hibernate: select u1_0.id,u1_0.cin,u1_0.department_id,u1_0.email,u1_0.first_name,u1_0.is_temporary_password,u1_0.last_name,u1_0.num_tel,u1_0.password,u1_0.user_role from users u1_0 where u1_0.email=? limit ?
Hibernate: select u1_0.id,u1_0.cin,d1_0.id,(SELECT COUNT(*) FROM users u WHERE u.department_id = d1_0.id),d1_0.name_department,u1_0.email,u1_0.first_name,u1_0.is_temporary_password,u1_0.last_name,u1_0.num_tel,u1_0.password,u1_0.user_role from users u1_0 left join department d1_0 on d1_0.id=u1_0.department_id where u1_0.id=?
Hibernate: select u1_0.id,u1_0.cin,u1_0.department_id,u1_0.email,u1_0.first_name,u1_0.is_temporary_password,u1_0.last_name,u1_0.num_tel,u1_0.password,u1_0.user_role from users u1_0 where u1_0.email=? limit ?
Hibernate: select u1_0.id,u1_0.cin,u1_0.department_id,u1_0.email,u1_0.first_name,u1_0.is_temporary_password,u1_0.last_name,u1_0.num_tel,u1_0.password,u1_0.user_role from users u1_0 where u1_0.email=? limit ?
Hibernate: select u1_0.id,u1_0.cin,u1_0.department_id,u1_0.email,u1_0.first_name,u1_0.is_temporary_password,u1_0.last_name,u1_0.num_tel,u1_0.password,u1_0.user_role from users u1_0 where u1_0.email=? limit ?
Hibernate: select u1_0.id,u1_0.cin,d1_0.id,(SELECT COUNT(*) FROM users u WHERE u.department_id = d1_0.id),d1_0.name_department,u1_0.email,u1_0.first_name,u1_0.is_temporary_password,u1_0.last_name,u1_0.num_tel,u1_0.password,u1_0.user_role from users u1_0 left join department d1_0 on d1_0.id=u1_0.department_id where u1_0.id=?
Hibernate: select u1_0.id,u1_0.cin,u1_0.department_id,u1_0.email,u1_0.first_name,u1_0.is_temporary_password,u1_0.last_name,u1_0.num_tel,u1_0.password,u1_0.user_role from users u1_0 where u1_0.email=? limit ?
Hibernate: select u1_0.id,u1_0.cin,u1_0.department_id,u1_0.email,u1_0.first_name,u1_0.is_temporary_password,u1_0.last_name,u1_0.num_tel,u1_0.password,u1_0.user_role from users u1_0 where u1_0.email=? limit ?
Hibernate: select u1_0.id,u1_0.cin,u1_0.department_id,u1_0.email,u1_0.first_name,u1_0.is_temporary_password,u1_0.last_name,u1_0.num_tel,u1_0.password,u1_0.user_role from users u1_0 where u1_0.email=? limit ?
Hibernate: select u1_0.id,u1_0.cin,d1_0.id,(SELECT COUNT(*) FROM users u WHERE u.department_id = d1_0.id),d1_0.name_department,u1_0.email,u1_0.first_name,u1_0.is_temporary_password,u1_0.last_name,u1_0.num_tel,u1_0.password,u1_0.user_role from users u1_0 left join department d1_0 on d1_0.id=u1_0.department_id where u1_0.id=?
Hibernate: select u1_0.id,u1_0.cin,u1_0.department_id,u1_0.email,u1_0.first_name,u1_0.is_temporary_password,u1_0.last_name,u1_0.num_tel,u1_0.password,u1_0.user_role from users u1_0 where u1_0.email=? limit ?
Hibernate: select u1_0.id,u1_0.cin,u1_0.department_id,u1_0.email,u1_0.first_name,u1_0.is_temporary_password,u1_0.last_name,u1_0.num_tel,u1_0.password,u1_0.user_role from users u1_0 where u1_0.email=? limit ?
Hibernate: select u1_0.id,u1_0.cin,u1_0.department_id,u1_0.email,u1_0.first_name,u1_0.is_temporary_password,u1_0.last_name,u1_0.num_tel,u1_0.password,u1_0.user_role from users u1_0 where u1_0.email=? limit ?
Hibernate: select u1_0.id,u1_0.cin,d1_0.id,(SELECT COUNT(*) FROM users u WHERE u.department_id = d1_0.id),d1_0.name_department,u1_0.email,u1_0.first_name,u1_0.is_temporary_password,u1_0.last_name,u1_0.num_tel,u1_0.password,u1_0.user_role from users u1_0 left join department d1_0 on d1_0.id=u1_0.department_id where u1_0.id=?
Hibernate: select u1_0.id,u1_0.cin,u1_0.department_id,u1_0.email,u1_0.first_name,u1_0.is_temporary_password,u1_0.last_name,u1_0.num_tel,u1_0.password,u1_0.user_role from users u1_0 where u1_0.email=? limit ?
Hibernate: select u1_0.id,u1_0.cin,u1_0.department_id,u1_0.email,u1_0.first_name,u1_0.is_temporary_password,u1_0.last_name,u1_0.num_tel,u1_0.password,u1_0.user_role from users u1_0 where u1_0.email=? limit ?
Hibernate: select u1_0.id,u1_0.cin,u1_0.department_id,u1_0.email,u1_0.first_name,u1_0.is_temporary_password,u1_0.last_name,u1_0.num_tel,u1_0.password,u1_0.user_role from users u1_0 where u1_0.email=? limit ?
Hibernate: select u1_0.id,u1_0.cin,d1_0.id,(SELECT COUNT(*) FROM users u WHERE u.department_id = d1_0.id),d1_0.name_department,u1_0.email,u1_0.first_name,u1_0.is_temporary_password,u1_0.last_name,u1_0.num_tel,u1_0.password,u1_0.user_role from users u1_0 left join department d1_0 on d1_0.id=u1_0.department_id where u1_0.id=?
Hibernate: select u1_0.id,u1_0.cin,u1_0.department_id,u1_0.email,u1_0.first_name,u1_0.is_temporary_password,u1_0.last_name,u1_0.num_tel,u1_0.password,u1_0.user_role from users u1_0 where u1_0.email=? limit ?
Hibernate: select u1_0.id,u1_0.cin,u1_0.department_id,u1_0.email,u1_0.first_name,u1_0.is_temporary_password,u1_0.last_name,u1_0.num_tel,u1_0.password,u1_0.user_role from users u1_0 where u1_0.email=? limit ?
Hibernate: select u1_0.id,u1_0.cin,u1_0.department_id,u1_0.email,u1_0.first_name,u1_0.is_temporary_password,u1_0.last_name,u1_0.num_tel,u1_0.password,u1_0.user_role from users u1_0 where u1_0.email=? limit ?
Hibernate: select u1_0.id,u1_0.cin,d1_0.id,(SELECT COUNT(*) FROM users u WHERE u.department_id = d1_0.id),d1_0.name_department,u1_0.email,u1_0.first_name,u1_0.is_temporary_password,u1_0.last_name,u1_0.num_tel,u1_0.password,u1_0.user_role from users u1_0 left join department d1_0 on d1_0.id=u1_0.department_id where u1_0.id=?
Hibernate: select u1_0.id,u1_0.cin,u1_0.department_id,u1_0.email,u1_0.first_name,u1_0.is_temporary_password,u1_0.last_name,u1_0.num_tel,u1_0.password,u1_0.user_role from users u1_0 where u1_0.email=? limit ?
Hibernate: select u1_0.id,u1_0.cin,u1_0.department_id,u1_0.email,u1_0.first_name,u1_0.is_temporary_password,u1_0.last_name,u1_0.num_tel,u1_0.password,u1_0.user_role from users u1_0 where u1_0.email=? limit ?
Hibernate: select u1_0.id,u1_0.cin,u1_0.department_id,u1_0.email,u1_0.first_name,u1_0.is_temporary_password,u1_0.last_name,u1_0.num_tel,u1_0.password,u1_0.user_role from users u1_0 where u1_0.email=? limit ?
Hibernate: select u1_0.id,u1_0.cin,d1_0.id,(SELECT COUNT(*) FROM users u WHERE u.department_id = d1_0.id),d1_0.name_department,u1_0.email,u1_0.first_name,u1_0.is_temporary_password,u1_0.last_name,u1_0.num_tel,u1_0.password,u1_0.user_role from users u1_0 left join department d1_0 on d1_0.id=u1_0.department_id where u1_0.id=?
Hibernate: select u1_0.id,u1_0.cin,u1_0.department_id,u1_0.email,u1_0.first_name,u1_0.is_temporary_password,u1_0.last_name,u1_0.num_tel,u1_0.password,u1_0.user_role from users u1_0 where u1_0.email=? limit ?
Hibernate: select u1_0.id,u1_0.cin,u1_0.department_id,u1_0.email,u1_0.first_name,u1_0.is_temporary_password,u1_0.last_name,u1_0.num_tel,u1_0.password,u1_0.user_role from users u1_0 where u1_0.email=? limit ?
Hibernate: select u1_0.id,u1_0.cin,u1_0.department_id,u1_0.email,u1_0.first_name,u1_0.is_temporary_password,u1_0.last_name,u1_0.num_tel,u1_0.password,u1_0.user_role from users u1_0 where u1_0.email=? limit ?
Hibernate: select u1_0.id,u1_0.cin,u1_0.department_id,u1_0.email,u1_0.first_name,u1_0.is_temporary_password,u1_0.last_name,u1_0.num_tel,u1_0.password,u1_0.user_role from users u1_0 where u1_0.email=? limit ?
Hibernate: select u1_0.id,u1_0.cin,u1_0.department_id,u1_0.email,u1_0.first_name,u1_0.is_temporary_password,u1_0.last_name,u1_0.num_tel,u1_0.password,u1_0.user_role from users u1_0 where u1_0.email=? limit ?
Hibernate: select u1_0.id,u1_0.cin,u1_0.department_id,u1_0.email,u1_0.first_name,u1_0.is_temporary_password,u1_0.last_name,u1_0.num_tel,u1_0.password,u1_0.user_role from users u1_0 where u1_0.email=? limit ?
Hibernate: select u1_0.id,u1_0.cin,u1_0.department_id,u1_0.email,u1_0.first_name,u1_0.is_temporary_password,u1_0.last_name,u1_0.num_tel,u1_0.password,u1_0.user_role from users u1_0 where u1_0.email=? limit ?
Hibernate: select u1_0.id,u1_0.cin,u1_0.department_id,u1_0.email,u1_0.first_name,u1_0.is_temporary_password,u1_0.last_name,u1_0.num_tel,u1_0.password,u1_0.user_role from users u1_0 where u1_0.email=? limit ?
Hibernate: select u1_0.id,u1_0.cin,u1_0.department_id,u1_0.email,u1_0.first_name,u1_0.is_temporary_password,u1_0.last_name,u1_0.num_tel,u1_0.password,u1_0.user_role from users u1_0 where u1_0.email=? limit ?
Hibernate: select u1_0.id,u1_0.cin,u1_0.department_id,u1_0.email,u1_0.first_name,u1_0.is_temporary_password,u1_0.last_name,u1_0.num_tel,u1_0.password,u1_0.user_role from users u1_0 where u1_0.email=? limit ?
Hibernate: select u1_0.id,u1_0.cin,u1_0.department_id,u1_0.email,u1_0.first_name,u1_0.is_temporary_password,u1_0.last_name,u1_0.num_tel,u1_0.password,u1_0.user_role from users u1_0 where u1_0.email=? limit ?
Hibernate: select u1_0.id,u1_0.cin,u1_0.department_id,u1_0.email,u1_0.first_name,u1_0.is_temporary_password,u1_0.last_name,u1_0.num_tel,u1_0.password,u1_0.user_role from users u1_0 where u1_0.email=? limit ?
Hibernate: select u1_0.id,u1_0.cin,d1_0.id,(SELECT COUNT(*) FROM users u WHERE u.department_id = d1_0.id),d1_0.name_department,u1_0.email,u1_0.first_name,u1_0.is_temporary_password,u1_0.last_name,u1_0.num_tel,u1_0.password,u1_0.user_role from users u1_0 left join department d1_0 on d1_0.id=u1_0.department_id where u1_0.id=?
Hibernate: select u1_0.id,u1_0.cin,u1_0.department_id,u1_0.email,u1_0.first_name,u1_0.is_temporary_password,u1_0.last_name,u1_0.num_tel,u1_0.password,u1_0.user_role from users u1_0 where u1_0.email=? limit ?
Hibernate: select u1_0.id,u1_0.cin,u1_0.department_id,u1_0.email,u1_0.first_name,u1_0.is_temporary_password,u1_0.last_name,u1_0.num_tel,u1_0.password,u1_0.user_role from users u1_0 where u1_0.email=? limit ?
Hibernate: select u1_0.id,u1_0.cin,u1_0.department_id,u1_0.email,u1_0.first_name,u1_0.is_temporary_password,u1_0.last_name,u1_0.num_tel,u1_0.password,u1_0.user_role from users u1_0 where u1_0.email=? limit ?
Hibernate: select u1_0.id,u1_0.cin,d1_0.id,(SELECT COUNT(*) FROM users u WHERE u.department_id = d1_0.id),d1_0.name_department,u1_0.email,u1_0.first_name,u1_0.is_temporary_password,u1_0.last_name,u1_0.num_tel,u1_0.password,u1_0.user_role from users u1_0 left join department d1_0 on d1_0.id=u1_0.department_id where u1_0.id=?
Hibernate: select u1_0.id,u1_0.cin,u1_0.department_id,u1_0.email,u1_0.first_name,u1_0.is_temporary_password,u1_0.last_name,u1_0.num_tel,u1_0.password,u1_0.user_role from users u1_0 where u1_0.email=? limit ?
Hibernate: select u1_0.id,u1_0.cin,u1_0.department_id,u1_0.email,u1_0.first_name,u1_0.is_temporary_password,u1_0.last_name,u1_0.num_tel,u1_0.password,u1_0.user_role from users u1_0 where u1_0.email=? limit ?
Hibernate: select u1_0.id,u1_0.cin,u1_0.department_id,u1_0.email,u1_0.first_name,u1_0.is_temporary_password,u1_0.last_name,u1_0.num_tel,u1_0.password,u1_0.user_role from users u1_0 where u1_0.email=? limit ?
Hibernate: select u1_0.id,u1_0.cin,d1_0.id,(SELECT COUNT(*) FROM users u WHERE u.department_id = d1_0.id),d1_0.name_department,u1_0.email,u1_0.first_name,u1_0.is_temporary_password,u1_0.last_name,u1_0.num_tel,u1_0.password,u1_0.user_role from users u1_0 left join department d1_0 on d1_0.id=u1_0.department_id where u1_0.id=?
Hibernate: select u1_0.id,u1_0.cin,u1_0.department_id,u1_0.email,u1_0.first_name,u1_0.is_temporary_password,u1_0.last_name,u1_0.num_tel,u1_0.password,u1_0.user_role from users u1_0 where u1_0.email=? limit ?
Hibernate: select u1_0.id,u1_0.cin,u1_0.department_id,u1_0.email,u1_0.first_name,u1_0.is_temporary_password,u1_0.last_name,u1_0.num_tel,u1_0.password,u1_0.user_role from users u1_0 where u1_0.email=? limit ?
Hibernate: select u1_0.id,u1_0.cin,u1_0.department_id,u1_0.email,u1_0.first_name,u1_0.is_temporary_password,u1_0.last_name,u1_0.num_tel,u1_0.password,u1_0.user_role from users u1_0 where u1_0.email=? limit ?
Hibernate: select u1_0.id,u1_0.cin,d1_0.id,(SELECT COUNT(*) FROM users u WHERE u.department_id = d1_0.id),d1_0.name_department,u1_0.email,u1_0.first_name,u1_0.is_temporary_password,u1_0.last_name,u1_0.num_tel,u1_0.password,u1_0.user_role from users u1_0 left join department d1_0 on d1_0.id=u1_0.department_id where u1_0.id=?
